<?xml version="1.0" encoding="UTF-8"?>
<robot generator="Robot 7.0 (Python 3.12.4 on win32)" generated="2024-06-12T11:24:57.246140" rpa="false" schemaversion="5">
<suite id="s1" name="Script CRM" source="C:\Users\victor.machado_sofis\Documents\GitHub\RobotFramework-Studies\first_script\Tests\script.robot">
<test id="s1-t1" name="Should be able to add new customer" line="8">
<kw name="Set Selenium Speed" owner="SeleniumLibrary">
<arg>.2 seconds</arg>
<doc>Sets the delay that is waited after each Selenium command.</doc>
<status status="PASS" start="2024-06-12T11:24:58.997142" elapsed="0.001002"/>
</kw>
<kw name="Set Selenium Timeout" owner="SeleniumLibrary">
<arg>5 seconds</arg>
<doc>Sets the timeout that is used by various keywords.</doc>
<status status="PASS" start="2024-06-12T11:24:58.999140" elapsed="0.001014"/>
</kw>
<kw name="Log" owner="BuiltIn">
<msg time="2024-06-12T11:24:59.001140" level="INFO">Test Case's Pre-Conditions</msg>
<arg>Test Case's Pre-Conditions</arg>
<doc>Logs the given message with the given level.</doc>
<status status="PASS" start="2024-06-12T11:24:59.000154" elapsed="0.000986"/>
</kw>
<kw name="Log" owner="BuiltIn">
<msg time="2024-06-12T11:24:59.001140" level="INFO">1. Open Web Browser</msg>
<arg>1. Open Web Browser</arg>
<doc>Logs the given message with the given level.</doc>
<status status="PASS" start="2024-06-12T11:24:59.001140" elapsed="0.000000"/>
</kw>
<kw name="Open Browser" owner="SeleniumLibrary">
<msg time="2024-06-12T11:24:59.002140" level="INFO">Opening browser 'chrome' to base url 'https://automationplayground.com/crm/index.html'.</msg>
<arg>https://automationplayground.com/crm/index.html</arg>
<arg>chrome</arg>
<doc>Opens a new browser instance to the optional ``url``.</doc>
<status status="PASS" start="2024-06-12T11:24:59.001140" elapsed="5.613133"/>
</kw>
<kw name="Wait Until Page Contains" owner="SeleniumLibrary">
<arg>Customers Are Priority One!</arg>
<doc>Waits until ``text`` appears on the current page.</doc>
<status status="PASS" start="2024-06-12T11:25:04.615069" elapsed="0.218808"/>
</kw>
<kw name="Log" owner="BuiltIn">
<msg time="2024-06-12T11:25:04.835222" level="INFO">2. Navigate to home page address</msg>
<arg>2. Navigate to home page address</arg>
<doc>Logs the given message with the given level.</doc>
<status status="PASS" start="2024-06-12T11:25:04.835222" elapsed="0.000000"/>
</kw>
<kw name="Log" owner="BuiltIn">
<msg time="2024-06-12T11:25:04.836212" level="INFO">3. Click "Login" link</msg>
<arg>3. Click "Login" link</arg>
<doc>Logs the given message with the given level.</doc>
<status status="PASS" start="2024-06-12T11:25:04.835222" elapsed="0.000990"/>
</kw>
<kw name="Click Link" owner="SeleniumLibrary">
<msg time="2024-06-12T11:25:04.837206" level="INFO">Clicking link 'id=SignIn'.</msg>
<arg>id=SignIn</arg>
<doc>Clicks a link identified by ``locator``.</doc>
<status status="PASS" start="2024-06-12T11:25:04.836212" elapsed="0.979717"/>
</kw>
<kw name="Wait Until Page Contains" owner="SeleniumLibrary">
<arg>Login</arg>
<doc>Waits until ``text`` appears on the current page.</doc>
<status status="PASS" start="2024-06-12T11:25:05.816236" elapsed="0.217738"/>
</kw>
<kw name="Log" owner="BuiltIn">
<msg time="2024-06-12T11:25:06.036366" level="INFO">4. Type valid login credentials</msg>
<arg>4. Type valid login credentials</arg>
<doc>Logs the given message with the given level.</doc>
<status status="PASS" start="2024-06-12T11:25:06.035443" elapsed="0.000923"/>
</kw>
<kw name="Input Text" owner="SeleniumLibrary">
<msg time="2024-06-12T11:25:06.037370" level="INFO">Typing text 'admin@robotframeworktutorial.com' into text field 'id=email-id'.</msg>
<arg>id=email-id</arg>
<arg>admin@robotframeworktutorial.com</arg>
<doc>Types the given ``text`` into the text field identified by ``locator``.</doc>
<status status="PASS" start="2024-06-12T11:25:06.037370" elapsed="0.799660"/>
</kw>
<kw name="Input Password" owner="SeleniumLibrary">
<msg time="2024-06-12T11:25:06.837705" level="INFO">Typing password into text field 'id=password'.</msg>
<msg time="2024-06-12T11:25:07.293621" level="INFO">Temporally setting log level to: NONE</msg>
<arg>id=password</arg>
<arg>qwe</arg>
<doc>Types the given password into the text field identified by ``locator``.</doc>
<status status="PASS" start="2024-06-12T11:25:06.837705" elapsed="0.726103"/>
</kw>
<kw name="Log" owner="BuiltIn">
<msg time="2024-06-12T11:25:07.564714" level="INFO">5. Click "Submit" button</msg>
<arg>5. Click "Submit" button</arg>
<doc>Logs the given message with the given level.</doc>
<status status="PASS" start="2024-06-12T11:25:07.563808" elapsed="0.000906"/>
</kw>
<kw name="Click Button" owner="SeleniumLibrary">
<msg time="2024-06-12T11:25:07.565716" level="INFO">Clicking button 'id=submit-id'.</msg>
<arg>id=submit-id</arg>
<doc>Clicks the button identified by ``locator``.</doc>
<status status="PASS" start="2024-06-12T11:25:07.565716" elapsed="1.268000"/>
</kw>
<kw name="Wait Until Page Contains" owner="SeleniumLibrary">
<arg>Our Happy Customers</arg>
<doc>Waits until ``text`` appears on the current page.</doc>
<status status="PASS" start="2024-06-12T11:25:08.834567" elapsed="0.924500"/>
</kw>
<kw name="Log" owner="BuiltIn">
<msg time="2024-06-12T11:25:09.760015" level="INFO">1. Click "New Customer" button</msg>
<arg>1. Click "New Customer" button</arg>
<doc>Logs the given message with the given level.</doc>
<status status="PASS" start="2024-06-12T11:25:09.759067" elapsed="0.000948"/>
</kw>
<kw name="Click Link" owner="SeleniumLibrary">
<msg time="2024-06-12T11:25:09.762018" level="INFO">Clicking link 'id=new-customer'.</msg>
<arg>id=new-customer</arg>
<doc>Clicks a link identified by ``locator``.</doc>
<status status="PASS" start="2024-06-12T11:25:09.762018" elapsed="1.009236"/>
</kw>
<kw name="Wait Until Page Contains" owner="SeleniumLibrary">
<arg>Add Customer</arg>
<doc>Waits until ``text`` appears on the current page.</doc>
<status status="PASS" start="2024-06-12T11:25:10.772223" elapsed="0.223531"/>
</kw>
<kw name="Log" owner="BuiltIn">
<msg time="2024-06-12T11:25:10.996789" level="INFO">2. Type customer email</msg>
<arg>2. Type customer email</arg>
<doc>Logs the given message with the given level.</doc>
<status status="PASS" start="2024-06-12T11:25:10.996789" elapsed="0.000000"/>
</kw>
<kw name="Input Text" owner="SeleniumLibrary">
<msg time="2024-06-12T11:25:10.997362" level="INFO">Typing text 'user@rfwtutorial.com' into text field 'id=EmailAddress'.</msg>
<arg>id=EmailAddress</arg>
<arg>user@rfwtutorial.com</arg>
<doc>Types the given ``text`` into the text field identified by ``locator``.</doc>
<status status="PASS" start="2024-06-12T11:25:10.997362" elapsed="0.790786"/>
</kw>
<kw name="Log" owner="BuiltIn">
<msg time="2024-06-12T11:25:11.789167" level="INFO">3. Type customer first name</msg>
<arg>3. Type customer first name</arg>
<doc>Logs the given message with the given level.</doc>
<status status="PASS" start="2024-06-12T11:25:11.788148" elapsed="0.001019"/>
</kw>
<kw name="Input Text" owner="SeleniumLibrary">
<msg time="2024-06-12T11:25:11.791146" level="INFO">Typing text 'Noah' into text field 'id=FirstName'.</msg>
<arg>id=FirstName</arg>
<arg>Noah</arg>
<doc>Types the given ``text`` into the text field identified by ``locator``.</doc>
<status status="PASS" start="2024-06-12T11:25:11.790150" elapsed="0.822283"/>
</kw>
<kw name="Log" owner="BuiltIn">
<msg time="2024-06-12T11:25:12.612433" level="INFO">4. Type customer last name</msg>
<arg>4. Type customer last name</arg>
<doc>Logs the given message with the given level.</doc>
<status status="PASS" start="2024-06-12T11:25:12.612433" elapsed="0.000998"/>
</kw>
<kw name="Input Text" owner="SeleniumLibrary">
<msg time="2024-06-12T11:25:12.614434" level="INFO">Typing text 'Smith' into text field 'id=LastName'.</msg>
<arg>id=LastName</arg>
<arg>Smith</arg>
<doc>Types the given ``text`` into the text field identified by ``locator``.</doc>
<status status="PASS" start="2024-06-12T11:25:12.613431" elapsed="0.746225"/>
</kw>
<kw name="Log" owner="BuiltIn">
<msg time="2024-06-12T11:25:13.360669" level="INFO">5. Type customer city</msg>
<arg>5. Type customer city</arg>
<doc>Logs the given message with the given level.</doc>
<status status="PASS" start="2024-06-12T11:25:13.360669" elapsed="0.000000"/>
</kw>
<kw name="Input Text" owner="SeleniumLibrary">
<msg time="2024-06-12T11:25:13.360669" level="INFO">Typing text 'Seattle' into text field 'id=City'.</msg>
<arg>id=City</arg>
<arg>Seattle</arg>
<doc>Types the given ``text`` into the text field identified by ``locator``.</doc>
<status status="PASS" start="2024-06-12T11:25:13.360669" elapsed="0.823696"/>
</kw>
<kw name="Log" owner="BuiltIn">
<msg time="2024-06-12T11:25:14.186369" level="INFO">6. Select customer state</msg>
<arg>6. Select customer state</arg>
<doc>Logs the given message with the given level.</doc>
<status status="PASS" start="2024-06-12T11:25:14.186369" elapsed="0.000000"/>
</kw>
<kw name="Select From List By Value" owner="SeleniumLibrary">
<msg time="2024-06-12T11:25:14.188372" level="INFO">Selecting options from selection list 'id=StateOrRegion' by value WA.</msg>
<arg>id=StateOrRegion</arg>
<arg>WA</arg>
<doc>Selects options from selection list ``locator`` by ``values``.</doc>
<status status="PASS" start="2024-06-12T11:25:14.187369" elapsed="1.734945"/>
</kw>
<kw name="Log" owner="BuiltIn">
<msg time="2024-06-12T11:25:15.923005" level="INFO">7. Select gender</msg>
<arg>7. Select gender</arg>
<doc>Logs the given message with the given level.</doc>
<status status="PASS" start="2024-06-12T11:25:15.923005" elapsed="0.000000"/>
</kw>
<kw name="Select Radio Button" owner="SeleniumLibrary">
<msg time="2024-06-12T11:25:15.924014" level="INFO">Selecting 'male' from radio button 'gender'.</msg>
<arg>gender</arg>
<arg>male</arg>
<doc>Sets the radio button group ``group_name`` to ``value``.</doc>
<status status="PASS" start="2024-06-12T11:25:15.924014" elapsed="0.686448"/>
</kw>
<kw name="Log" owner="BuiltIn">
<msg time="2024-06-12T11:25:16.611450" level="INFO">8. Optionally check promotion checkbox</msg>
<arg>8. Optionally check promotion checkbox</arg>
<doc>Logs the given message with the given level.</doc>
<status status="PASS" start="2024-06-12T11:25:16.611450" elapsed="0.000000"/>
</kw>
<kw name="Select Checkbox" owner="SeleniumLibrary">
<msg time="2024-06-12T11:25:16.613458" level="INFO">Selecting checkbox 'promos-yes'.</msg>
<arg>promos-yes</arg>
<doc>Selects the checkbox identified by ``locator``.</doc>
<status status="PASS" start="2024-06-12T11:25:16.612459" elapsed="0.893903"/>
</kw>
<kw name="Log" owner="BuiltIn">
<msg time="2024-06-12T11:25:17.507361" level="INFO">9. Click "Submit" button</msg>
<arg>9. Click "Submit" button</arg>
<doc>Logs the given message with the given level.</doc>
<status status="PASS" start="2024-06-12T11:25:17.507361" elapsed="0.000000"/>
</kw>
<kw name="Click Button" owner="SeleniumLibrary">
<msg time="2024-06-12T11:25:17.508386" level="INFO">Clicking button 'Submit'.</msg>
<arg>Submit</arg>
<doc>Clicks the button identified by ``locator``.</doc>
<status status="PASS" start="2024-06-12T11:25:17.507361" elapsed="1.534969"/>
</kw>
<kw name="Wait Until Page Contains" owner="SeleniumLibrary">
<arg>Success! New customer added.</arg>
<doc>Waits until ``text`` appears on the current page.</doc>
<status status="PASS" start="2024-06-12T11:25:19.042884" elapsed="0.218757"/>
</kw>
<kw name="Sleep" owner="BuiltIn">
<msg time="2024-06-12T11:25:22.264551" level="INFO">Slept 3 seconds.</msg>
<arg>3 seconds</arg>
<doc>Pauses the test executed for the given time.</doc>
<status status="PASS" start="2024-06-12T11:25:19.262591" elapsed="3.001960"/>
</kw>
<kw name="Close Browser" owner="SeleniumLibrary">
<doc>Closes the current browser.</doc>
<status status="PASS" start="2024-06-12T11:25:22.265483" elapsed="2.417107"/>
</kw>
<doc>Informations about the TEST</doc>
<tag>feature:Contacts</tag>
<tag>id:1006</tag>
<tag>type:Smoke</tag>
<status status="PASS" start="2024-06-12T11:24:58.995141" elapsed="25.688458"/>
</test>
<doc>Informations about the whole test SUITE</doc>
<status status="PASS" start="2024-06-12T11:24:57.249145" elapsed="27.436454"/>
</suite>
<statistics>
<total>
<stat pass="1" fail="0" skip="0">All Tests</stat>
</total>
<tag>
<stat pass="1" fail="0" skip="0">feature:Contacts</stat>
<stat pass="1" fail="0" skip="0">id:1006</stat>
<stat pass="1" fail="0" skip="0">type:Smoke</stat>
</tag>
<suite>
<stat pass="1" fail="0" skip="0" id="s1" name="Script CRM">Script CRM</stat>
</suite>
</statistics>
<errors>
</errors>
</robot>
