<?xml version="1.0" encoding="UTF-8"?>
<robot generator="Robot 7.0 (Python 3.12.4 on win32)" generated="2024-06-17T18:29:14.990434" rpa="false" schemaversion="5">
<suite id="s1" name="RobotFramework-Studies" source="C:\Users\victor.machado_sofis\Documents\GitHub\RobotFramework-Studies">
<suite id="s1-s1" name="Crm Script" source="C:\Users\victor.machado_sofis\Documents\GitHub\RobotFramework-Studies\crm_script">
<suite id="s1-s1-s1" name="Tests" source="C:\Users\victor.machado_sofis\Documents\GitHub\RobotFramework-Studies\crm_script\Tests">
<suite id="s1-s1-s1-s1" name="Script" source="C:\Users\victor.machado_sofis\Documents\GitHub\RobotFramework-Studies\crm_script\Tests\script.robot">
<test id="s1-s1-s1-s1-t1" name="Should be able to add new customer" line="10">
<kw name="Common.Initialize web test" type="SETUP">
<msg time="2024-06-17T18:29:15.051436" level="FAIL">No keyword with name 'Common.Initialize web test' found.</msg>
<status status="FAIL" start="2024-06-17T18:29:15.049468" elapsed="0.001968">No keyword with name 'Common.Initialize web test' found.</status>
</kw>
<kw name="Common.End web test" type="TEARDOWN">
<msg time="2024-06-17T18:29:15.056435" level="FAIL">No keyword with name 'Common.End web test' found.</msg>
<status status="FAIL" start="2024-06-17T18:29:15.054433" elapsed="0.002002">No keyword with name 'Common.End web test' found.</status>
</kw>
<doc>Informations about the TEST</doc>
<tag>feature:Contacts</tag>
<tag>id:1006</tag>
<tag>type:Smoke</tag>
<status status="FAIL" start="2024-06-17T18:29:15.047436" elapsed="0.011043">Setup failed:
No keyword with name 'Common.Initialize web test' found.

Also teardown failed:
No keyword with name 'Common.End web test' found.</status>
</test>
<doc>Informations about the whole test SUITE</doc>
<status status="FAIL" start="2024-06-17T18:29:15.034435" elapsed="0.028031"/>
</suite>
<status status="FAIL" start="2024-06-17T18:29:15.030434" elapsed="0.034001"/>
</suite>
<status status="FAIL" start="2024-06-17T18:29:15.026432" elapsed="0.041004"/>
</suite>
<status status="FAIL" start="2024-06-17T18:29:14.998438" elapsed="0.071000"/>
</suite>
<statistics>
<total>
<stat pass="0" fail="1" skip="0">All Tests</stat>
</total>
<tag>
<stat pass="0" fail="1" skip="0">feature:Contacts</stat>
<stat pass="0" fail="1" skip="0">id:1006</stat>
<stat pass="0" fail="1" skip="0">type:Smoke</stat>
</tag>
<suite>
<stat pass="0" fail="1" skip="0" id="s1" name="RobotFramework-Studies">RobotFramework-Studies</stat>
<stat pass="0" fail="1" skip="0" id="s1-s1" name="Crm Script">RobotFramework-Studies.Crm Script</stat>
<stat pass="0" fail="1" skip="0" id="s1-s1-s1" name="Tests">RobotFramework-Studies.Crm Script.Tests</stat>
<stat pass="0" fail="1" skip="0" id="s1-s1-s1-s1" name="Script">RobotFramework-Studies.Crm Script.Tests.Script</stat>
</suite>
</statistics>
<errors>
<msg time="2024-06-17T18:29:15.038433" level="ERROR">Error in file 'C:\Users\victor.machado_sofis\Documents\GitHub\RobotFramework-Studies\crm_script\Tests\script.robot' on line 3: Resource file '..ResourcesCommon.robot' does not exist.</msg>
<msg time="2024-06-17T18:29:15.043433" level="ERROR">Error in file 'C:\Users\victor.machado_sofis\Documents\GitHub\RobotFramework-Studies\crm_script\Tests\script.robot' on line 4: Resource file '..Resourcescrm.robot' does not exist.</msg>
</errors>
</robot>
