<?xml version="1.0" encoding="UTF-8"?>
<robot generator="Robot 7.0 (Python 3.12.4 on win32)" generated="2024-06-11T17:23:40.791226" rpa="false" schemaversion="5">
<suite id="s1" name="RobotFramework-Studies" source="C:\Users\victor.machado_sofis\Documents\GitHub\RobotFramework-Studies">
<suite id="s1-s1" name="First Script" source="C:\Users\victor.machado_sofis\Documents\GitHub\RobotFramework-Studies\first_script">
<suite id="s1-s1-s1" name="Tests" source="C:\Users\victor.machado_sofis\Documents\GitHub\RobotFramework-Studies\first_script\Tests">
<suite id="s1-s1-s1-s1" name="Script" source="C:\Users\victor.machado_sofis\Documents\GitHub\RobotFramework-Studies\first_script\Tests\script.robot">
<test id="s1-s1-s1-s1-t1" name="Should be able to add new customer" line="8">
<kw name="Set Selenium Speed" owner="SeleniumLibrary">
<arg>.2 seconds</arg>
<doc>Sets the delay that is waited after each Selenium command.</doc>
<status status="PASS" start="2024-06-11T17:23:41.632236" elapsed="0.001996"/>
</kw>
<kw name="Set Selenium Timeout" owner="SeleniumLibrary">
<arg>5 seconds</arg>
<doc>Sets the timeout that is used by various keywords.</doc>
<status status="PASS" start="2024-06-11T17:23:41.635230" elapsed="0.000998"/>
</kw>
<kw name="Log" owner="BuiltIn">
<msg time="2024-06-11T17:23:41.637229" level="INFO">Test Case's Pre-Conditions</msg>
<arg>Test Case's Pre-Conditions</arg>
<doc>Logs the given message with the given level.</doc>
<status status="PASS" start="2024-06-11T17:23:41.636228" elapsed="0.001001"/>
</kw>
<kw name="Log" owner="BuiltIn">
<msg time="2024-06-11T17:23:41.639227" level="INFO">1. Open Web Browser</msg>
<arg>1. Open Web Browser</arg>
<doc>Logs the given message with the given level.</doc>
<status status="PASS" start="2024-06-11T17:23:41.638230" elapsed="0.002000"/>
</kw>
<kw name="Open Browser" owner="SeleniumLibrary">
<msg time="2024-06-11T17:23:41.642229" level="INFO">Opening browser 'chrome' to base url 'https://automationplayground.com/crm/index.html'.</msg>
<arg>https://automationplayground.com/crm/index.html</arg>
<arg>chrome</arg>
<doc>Opens a new browser instance to the optional ``url``.</doc>
<status status="PASS" start="2024-06-11T17:23:41.641228" elapsed="7.356080"/>
</kw>
<kw name="Wait Until Page Contains" owner="SeleniumLibrary">
<arg>Customers Are Priority One!</arg>
<doc>Waits until ``text`` appears on the current page.</doc>
<status status="PASS" start="2024-06-11T17:23:48.998266" elapsed="0.220289"/>
</kw>
<kw name="Log" owner="BuiltIn">
<msg time="2024-06-11T17:23:49.219552" level="INFO">2. Navigate to home page address</msg>
<arg>2. Navigate to home page address</arg>
<doc>Logs the given message with the given level.</doc>
<status status="PASS" start="2024-06-11T17:23:49.218555" elapsed="0.000997"/>
</kw>
<kw name="Log" owner="BuiltIn">
<msg time="2024-06-11T17:23:49.220581" level="INFO">3. Click "Login" link</msg>
<arg>3. Click "Login" link</arg>
<doc>Logs the given message with the given level.</doc>
<status status="PASS" start="2024-06-11T17:23:49.220581" elapsed="0.000971"/>
</kw>
<kw name="Click Link" owner="SeleniumLibrary">
<msg time="2024-06-11T17:23:49.222554" level="INFO">Clicking link 'id=SignIn'.</msg>
<arg>id=SignIn</arg>
<doc>Clicks a link identified by ``locator``.</doc>
<status status="PASS" start="2024-06-11T17:23:49.221552" elapsed="1.337600"/>
</kw>
<kw name="Wait Until Page Contains" owner="SeleniumLibrary">
<arg>Login</arg>
<doc>Waits until ``text`` appears on the current page.</doc>
<status status="PASS" start="2024-06-11T17:23:50.560164" elapsed="0.224909"/>
</kw>
<kw name="Log" owner="BuiltIn">
<msg time="2024-06-11T17:23:50.786760" level="INFO">4. Type valid login credentials</msg>
<arg>4. Type valid login credentials</arg>
<doc>Logs the given message with the given level.</doc>
<status status="PASS" start="2024-06-11T17:23:50.785711" elapsed="0.001049"/>
</kw>
<kw name="Input Text" owner="SeleniumLibrary">
<msg time="2024-06-11T17:23:50.788715" level="INFO">Typing text 'admin@robotframeworktutorial.com' into text field 'id=email-id'.</msg>
<arg>id=email-id</arg>
<arg>admin@robotframeworktutorial.com</arg>
<doc>Types the given ``text`` into the text field identified by ``locator``.</doc>
<status status="PASS" start="2024-06-11T17:23:50.787712" elapsed="0.786289"/>
</kw>
<kw name="Input Password" owner="SeleniumLibrary">
<msg time="2024-06-11T17:23:51.575000" level="INFO">Typing password into text field 'id=password'.</msg>
<msg time="2024-06-11T17:23:52.037549" level="INFO">Temporally setting log level to: NONE</msg>
<arg>id=password</arg>
<arg>qwe</arg>
<doc>Types the given password into the text field identified by ``locator``.</doc>
<status status="PASS" start="2024-06-11T17:23:51.575000" elapsed="0.736014"/>
</kw>
<kw name="Log" owner="BuiltIn">
<msg time="2024-06-11T17:23:52.313007" level="INFO">5. Click "Submit" button</msg>
<arg>5. Click "Submit" button</arg>
<doc>Logs the given message with the given level.</doc>
<status status="PASS" start="2024-06-11T17:23:52.312007" elapsed="0.001000"/>
</kw>
<kw name="Click Button" owner="SeleniumLibrary">
<msg time="2024-06-11T17:23:52.315010" level="INFO">Clicking button 'id=submit-id'.</msg>
<arg>id=submit-id</arg>
<doc>Clicks the button identified by ``locator``.</doc>
<status status="PASS" start="2024-06-11T17:23:52.314005" elapsed="1.266604"/>
</kw>
<kw name="Wait Until Page Contains" owner="SeleniumLibrary">
<arg>Our Happy Customers</arg>
<doc>Waits until ``text`` appears on the current page.</doc>
<status status="PASS" start="2024-06-11T17:23:53.581638" elapsed="3.255847"/>
</kw>
<kw name="Log" owner="BuiltIn">
<msg time="2024-06-11T17:23:56.838486" level="INFO">1. Click "New Customer" button</msg>
<arg>1. Click "New Customer" button</arg>
<doc>Logs the given message with the given level.</doc>
<status status="PASS" start="2024-06-11T17:23:56.838486" elapsed="0.000000"/>
</kw>
<kw name="Click Link" owner="SeleniumLibrary">
<msg time="2024-06-11T17:23:56.840484" level="INFO">Clicking link 'id=new-customer'.</msg>
<arg>id=new-customer</arg>
<doc>Clicks a link identified by ``locator``.</doc>
<status status="PASS" start="2024-06-11T17:23:56.839484" elapsed="1.350999"/>
</kw>
<kw name="Wait Until Page Contains" owner="SeleniumLibrary">
<arg>Add Customer</arg>
<doc>Waits until ``text`` appears on the current page.</doc>
<status status="PASS" start="2024-06-11T17:23:58.191499" elapsed="0.230985"/>
</kw>
<kw name="Log" owner="BuiltIn">
<msg time="2024-06-11T17:23:58.423491" level="INFO">2. Type customer email</msg>
<arg>2. Type customer email</arg>
<doc>Logs the given message with the given level.</doc>
<status status="PASS" start="2024-06-11T17:23:58.423491" elapsed="0.000999"/>
</kw>
<kw name="Input Text" owner="SeleniumLibrary">
<msg time="2024-06-11T17:23:58.425484" level="INFO">Typing text 'user@rfwtutorial.com' into text field 'id=EmailAddress'.</msg>
<arg>id=EmailAddress</arg>
<arg>user@rfwtutorial.com</arg>
<doc>Types the given ``text`` into the text field identified by ``locator``.</doc>
<status status="PASS" start="2024-06-11T17:23:58.424490" elapsed="0.806116"/>
</kw>
<kw name="Log" owner="BuiltIn">
<msg time="2024-06-11T17:23:59.232294" level="INFO">3. Type customer first name</msg>
<arg>3. Type customer first name</arg>
<doc>Logs the given message with the given level.</doc>
<status status="PASS" start="2024-06-11T17:23:59.231253" elapsed="0.002004"/>
</kw>
<kw name="Input Text" owner="SeleniumLibrary">
<msg time="2024-06-11T17:23:59.236256" level="INFO">Typing text 'Noah' into text field 'id=FirstName'.</msg>
<arg>id=FirstName</arg>
<arg>Noah</arg>
<doc>Types the given ``text`` into the text field identified by ``locator``.</doc>
<status status="PASS" start="2024-06-11T17:23:59.235257" elapsed="0.765503"/>
</kw>
<kw name="Log" owner="BuiltIn">
<msg time="2024-06-11T17:24:00.002642" level="INFO">4. Type customer last name</msg>
<arg>4. Type customer last name</arg>
<doc>Logs the given message with the given level.</doc>
<status status="PASS" start="2024-06-11T17:24:00.001636" elapsed="0.002003"/>
</kw>
<kw name="Input Text" owner="SeleniumLibrary">
<msg time="2024-06-11T17:24:00.007647" level="INFO">Typing text 'Smith' into text field 'id=LastName'.</msg>
<arg>id=LastName</arg>
<arg>Smith</arg>
<doc>Types the given ``text`` into the text field identified by ``locator``.</doc>
<status status="PASS" start="2024-06-11T17:24:00.005640" elapsed="0.761579"/>
</kw>
<kw name="Log" owner="BuiltIn">
<msg time="2024-06-11T17:24:00.770242" level="INFO">5. Type customer city</msg>
<arg>5. Type customer city</arg>
<doc>Logs the given message with the given level.</doc>
<status status="PASS" start="2024-06-11T17:24:00.770242" elapsed="0.000980"/>
</kw>
<kw name="Input Text" owner="SeleniumLibrary">
<msg time="2024-06-11T17:24:00.773225" level="INFO">Typing text 'Seattle' into text field 'id=City'.</msg>
<arg>id=City</arg>
<arg>Seattle</arg>
<doc>Types the given ``text`` into the text field identified by ``locator``.</doc>
<status status="PASS" start="2024-06-11T17:24:00.772222" elapsed="0.783864"/>
</kw>
<kw name="Log" owner="BuiltIn">
<msg time="2024-06-11T17:24:01.557056" level="INFO">6. Select customer state</msg>
<arg>6. Select customer state</arg>
<doc>Logs the given message with the given level.</doc>
<status status="PASS" start="2024-06-11T17:24:01.557056" elapsed="0.000918"/>
</kw>
<kw name="Select From List By Value" owner="SeleniumLibrary">
<msg time="2024-06-11T17:24:01.558974" level="INFO">Selecting options from selection list 'id=StateOrRegion' by value WA.</msg>
<arg>id=StateOrRegion</arg>
<arg>WA</arg>
<doc>Selects options from selection list ``locator`` by ``values``.</doc>
<status status="PASS" start="2024-06-11T17:24:01.558974" elapsed="1.742259"/>
</kw>
<kw name="Log" owner="BuiltIn">
<msg time="2024-06-11T17:24:03.303228" level="INFO">7. Select gender</msg>
<arg>7. Select gender</arg>
<doc>Logs the given message with the given level.</doc>
<status status="PASS" start="2024-06-11T17:24:03.302226" elapsed="0.001002"/>
</kw>
<kw name="Select Radio Button" owner="SeleniumLibrary">
<msg time="2024-06-11T17:24:03.305223" level="INFO">Selecting 'male' from radio button 'gender'.</msg>
<arg>gender</arg>
<arg>male</arg>
<doc>Sets the radio button group ``group_name`` to ``value``.</doc>
<status status="PASS" start="2024-06-11T17:24:03.304220" elapsed="0.687229"/>
</kw>
<kw name="Log" owner="BuiltIn">
<msg time="2024-06-11T17:24:03.992461" level="INFO">8. Optionally check promotion checkbox</msg>
<arg>8. Optionally check promotion checkbox</arg>
<doc>Logs the given message with the given level.</doc>
<status status="PASS" start="2024-06-11T17:24:03.992461" elapsed="0.000994"/>
</kw>
<kw name="Select Checkbox" owner="SeleniumLibrary">
<msg time="2024-06-11T17:24:03.995464" level="INFO">Selecting checkbox 'promos-yes'.</msg>
<arg>promos-yes</arg>
<doc>Selects the checkbox identified by ``locator``.</doc>
<status status="PASS" start="2024-06-11T17:24:03.994457" elapsed="0.899472"/>
</kw>
<kw name="Log" owner="BuiltIn">
<msg time="2024-06-11T17:24:04.895439" level="INFO">9. Click "Submit" button</msg>
<arg>9. Click "Submit" button</arg>
<doc>Logs the given message with the given level.</doc>
<status status="PASS" start="2024-06-11T17:24:04.895439" elapsed="0.000000"/>
</kw>
<kw name="Click Button" owner="SeleniumLibrary">
<msg time="2024-06-11T17:24:04.897439" level="INFO">Clicking button 'Submit'.</msg>
<arg>Submit</arg>
<doc>Clicks the button identified by ``locator``.</doc>
<status status="PASS" start="2024-06-11T17:24:04.896457" elapsed="1.633595"/>
</kw>
<kw name="Wait Until Page Contains" owner="SeleniumLibrary">
<arg>Success! New customer added.</arg>
<doc>Waits until ``text`` appears on the current page.</doc>
<status status="PASS" start="2024-06-11T17:24:06.531047" elapsed="0.222031"/>
</kw>
<kw name="Sleep" owner="BuiltIn">
<msg time="2024-06-11T17:24:09.756636" level="INFO">Slept 3 seconds.</msg>
<arg>3 seconds</arg>
<doc>Pauses the test executed for the given time.</doc>
<status status="PASS" start="2024-06-11T17:24:06.755083" elapsed="3.001553"/>
</kw>
<kw name="Close Browser" owner="SeleniumLibrary">
<doc>Closes the current browser.</doc>
<status status="PASS" start="2024-06-11T17:24:09.757395" elapsed="2.419317"/>
</kw>
<doc>Informations about the TEST</doc>
<tag>feature:Contacts</tag>
<tag>id:1006</tag>
<tag>type:Smoke</tag>
<status status="PASS" start="2024-06-11T17:23:41.627232" elapsed="30.550132"/>
</test>
<doc>Informations about the whole test SUITE</doc>
<status status="PASS" start="2024-06-11T17:23:40.869231" elapsed="31.310149"/>
</suite>
<status status="PASS" start="2024-06-11T17:23:40.862229" elapsed="31.320147"/>
</suite>
<status status="PASS" start="2024-06-11T17:23:40.856228" elapsed="31.331151"/>
</suite>
<status status="PASS" start="2024-06-11T17:23:40.809231" elapsed="31.381150"/>
</suite>
<statistics>
<total>
<stat pass="1" fail="0" skip="0">All Tests</stat>
</total>
<tag>
<stat pass="1" fail="0" skip="0">feature:Contacts</stat>
<stat pass="1" fail="0" skip="0">id:1006</stat>
<stat pass="1" fail="0" skip="0">type:Smoke</stat>
</tag>
<suite>
<stat pass="1" fail="0" skip="0" id="s1" name="RobotFramework-Studies">RobotFramework-Studies</stat>
<stat pass="1" fail="0" skip="0" id="s1-s1" name="First Script">RobotFramework-Studies.First Script</stat>
<stat pass="1" fail="0" skip="0" id="s1-s1-s1" name="Tests">RobotFramework-Studies.First Script.Tests</stat>
<stat pass="1" fail="0" skip="0" id="s1-s1-s1-s1" name="Script">RobotFramework-Studies.First Script.Tests.Script</stat>
</suite>
</statistics>
<errors>
</errors>
</robot>
